Using pre-set license
Built from '2020.3/release' branch; Version is '2020.3.12f1 (b3b2c6512326) revision 11776710'; Using compiler version '192528614'; Build Type 'Release'
OS: 'Windows 10 Home; OS build 17134.829; Version 1803; 64bit' Language: 'en' Physical Memory: 16234 MB
BatchMode: 1, IsHumanControllingUs: 0, StartBugReporterOnCrash: 0, Is64bit: 1, IsPro: 0

 COMMAND LINE ARGUMENTS:
C:\Users\David\Documents\2020.3.12f1\Editor\Unity.exe
-adb2
-batchMode
-noUpm
-name
AssetImportWorker0
-projectPath
C:/Users/David/Desktop/Zag/Zag/MemoryGame
-logFile
Logs/AssetImportWorker0.log
-srvPort
65090
Successfully changed project path to: C:/Users/David/Desktop/Zag/Zag/MemoryGame
C:/Users/David/Desktop/Zag/Zag/MemoryGame
Using Asset Import Pipeline V2.
Refreshing native plugins compatible for Editor in 39.98 ms, found 3 plugins.
Preloading 0 native plugins for Editor in 0.00 ms.
Initialize engine version: 2020.3.12f1 (b3b2c6512326)
[Subsystems] Discovering subsystems at path C:/Users/David/Documents/2020.3.12f1/Editor/Data/Resources/UnitySubsystems
[Subsystems] Discovering subsystems at path C:/Users/David/Desktop/Zag/Zag/MemoryGame/Assets
GfxDevice: creating device client; threaded=0
Direct3D:
    Version:  Direct3D 11.0 [level 11.1]
    Renderer: NVIDIA GeForce GTX 1070 with Max-Q Design (ID=0x1ba1)
    Vendor:   
    VRAM:     8081 MB
    Driver:   24.21.13.9872
Initialize mono
Mono path[0] = 'C:/Users/David/Documents/2020.3.12f1/Editor/Data/Managed'
Mono path[1] = 'C:/Users/David/Documents/2020.3.12f1/Editor/Data/MonoBleedingEdge/lib/mono/unityjit'
Mono config path = 'C:/Users/David/Documents/2020.3.12f1/Editor/Data/MonoBleedingEdge/etc'
Using monoOptions --debugger-agent=transport=dt_socket,embedding=1,server=y,suspend=n,address=127.0.0.1:56556
Begin MonoManager ReloadAssembly
Registering precompiled unity dll's ...
Register platform support module: C:/Users/David/Documents/2020.3.12f1/Editor/Data/PlaybackEngines/WindowsStandaloneSupport/UnityEditor.WindowsStandalone.Extensions.dll
Registered in 0.001450 seconds.
Native extension for WindowsStandalone target not found
Refreshing native plugins compatible for Editor in 36.81 ms, found 3 plugins.
Preloading 0 native plugins for Editor in 0.00 ms.
Mono: successfully reloaded assembly
- Completed reload, in  1.799 seconds
Platform modules already initialized, skipping
Registering precompiled user dll's ...
Registered in 0.004420 seconds.
Begin MonoManager ReloadAssembly
Native extension for WindowsStandalone target not found
Refreshing native plugins compatible for Editor in 36.37 ms, found 3 plugins.
Preloading 0 native plugins for Editor in 0.00 ms.
Mono: successfully reloaded assembly
- Completed reload, in  1.015 seconds
Platform modules already initialized, skipping
========================================================================
Worker process is ready to serve import requests
Launched and connected shader compiler UnityShaderCompiler.exe after 0.03 seconds
Refreshing native plugins compatible for Editor in 0.39 ms, found 3 plugins.
Preloading 0 native plugins for Editor in 0.00 ms.
Unloading 2087 Unused Serialized files (Serialized files now loaded: 0)
System memory in use before: 93.3 MB.
System memory in use after: 93.3 MB.

Unloading 33 unused Assets to reduce memory usage. Loaded Objects now: 2524.
Total: 2.286377 ms (FindLiveObjects: 0.158145 ms CreateObjectMapping: 0.066783 ms MarkObjects: 1.933913 ms  DeleteObjects: 0.127072 ms)

AssetImportParameters requested are different than current active one (requested -> active):
  custom:framework-win-MediaFoundation: 216162199b28c13a410421893ffa2e32 -> 
  custom:video-decoder-ogg-theora: a1e56fd34408186e4bbccfd4996cb3dc -> 
  custom:container-muxer-webm: aa71ff27fc2769a1b78a27578f13a17b -> 
  custom:container-demuxer-webm: 4f35f7cbe854078d1ac9338744f61a02 -> 
  custom:container-demuxer-ogg: 62fdf1f143b41e24485cea50d1cbac27 -> 
  custom:video-encoder-webm-vp8: eb34c28f22e8b96e1ab97ce403110664 -> 
  custom:video-codec-MediaFoundation-h265: 746d11721c4dcdbdad8f713fa42b33f4 -> 
  custom:video-decoder-webm-vp8: 9c59270c3fd7afecdb556c50c9e8de78 -> 
  custom:audio-decoder-ogg-vorbis: bf7c407c2cedff20999df2af8eb42d56 -> 
  custom:audio-encoder-webm-vorbis: bf7c407c2cedff20999df2af8eb42d56 -> 
========================================================================
Received Import Request.
  path: Assets/Scenes
  artifactKey: Guid(6027f1e4866260c4c9d91e37e6374a2f) Importer(815301076,1909f56bfc062723c751e8b465ee728b)
Start importing Assets/Scenes using Guid(6027f1e4866260c4c9d91e37e6374a2f) Importer(815301076,1909f56bfc062723c751e8b465ee728b)  -> (artifact id: 'f91bf57d2f33ba66a389c746e8dea2b7') in 0.007947 seconds 
  Import took 0.010705 seconds .

========================================================================
Received Import Request.
  Time since last request: 5.212741 seconds.
  path: Assets/Scenes/2X2Gamemode.unity
  artifactKey: Guid(4d3fb9b88c259d84ab2a1dbd9f742a94) Importer(815301076,1909f56bfc062723c751e8b465ee728b)
Start importing Assets/Scenes/2X2Gamemode.unity using Guid(4d3fb9b88c259d84ab2a1dbd9f742a94) Importer(815301076,1909f56bfc062723c751e8b465ee728b)  -> (artifact id: '8bb180111afdc73ee13ba745206f3660') in 0.014163 seconds 
  Import took 0.017823 seconds .

========================================================================
Received Prepare
Registering precompiled user dll's ...
Registered in 0.008650 seconds.
Begin MonoManager ReloadAssembly
Native extension for WindowsStandalone target not found
Refreshing native plugins compatible for Editor in 0.48 ms, found 3 plugins.
Preloading 0 native plugins for Editor in 0.00 ms.
Mono: successfully reloaded assembly
- Completed reload, in  1.274 seconds
Platform modules already initialized, skipping
Switching build target platform(19) subTarget(0) extendedPlatform(0) -> platform(13) subTarget(537395200) extendedPlatform(0)
Refreshing native plugins compatible for Editor in 0.48 ms, found 3 plugins.
Preloading 0 native plugins for Editor in 0.00 ms.
Unloading 2086 Unused Serialized files (Serialized files now loaded: 0)
System memory in use before: 93.3 MB.
System memory in use after: 93.3 MB.

Unloading 21 unused Assets to reduce memory usage. Loaded Objects now: 2529.
Total: 2.496000 ms (FindLiveObjects: 0.201739 ms CreateObjectMapping: 0.082087 ms MarkObjects: 2.097623 ms  DeleteObjects: 0.113159 ms)

AssetImportParameters requested are different than current active one (requested -> active):
  custom:framework-win-MediaFoundation: 216162199b28c13a410421893ffa2e32 -> 
  custom:video-decoder-ogg-theora: a1e56fd34408186e4bbccfd4996cb3dc -> 
  custom:container-muxer-webm: aa71ff27fc2769a1b78a27578f13a17b -> 
  custom:container-demuxer-webm: 4f35f7cbe854078d1ac9338744f61a02 -> 
  custom:container-demuxer-ogg: 62fdf1f143b41e24485cea50d1cbac27 -> 
  custom:video-encoder-webm-vp8: eb34c28f22e8b96e1ab97ce403110664 -> 
  custom:video-codec-MediaFoundation-h265: 746d11721c4dcdbdad8f713fa42b33f4 -> 
  custom:video-decoder-webm-vp8: 9c59270c3fd7afecdb556c50c9e8de78 -> 
  custom:graphics/normal-map-encoding: 01000000000000000000000000000000 -> 02000000000000000000000000000000
  custom:audio-decoder-ogg-vorbis: bf7c407c2cedff20999df2af8eb42d56 -> 
  custom:audio-encoder-webm-vorbis: bf7c407c2cedff20999df2af8eb42d56 -> 
========================================================================
Received Prepare
Registering precompiled user dll's ...
Registered in 0.008454 seconds.
Begin MonoManager ReloadAssembly
Native extension for WindowsStandalone target not found
Refreshing native plugins compatible for Editor in 0.43 ms, found 3 plugins.
Preloading 0 native plugins for Editor in 0.00 ms.
Mono: successfully reloaded assembly
- Completed reload, in  1.143 seconds
Platform modules already initialized, skipping
Switching build target platform(19) subTarget(0) extendedPlatform(0) -> platform(13) subTarget(537395200) extendedPlatform(0)
Refreshing native plugins compatible for Editor in 0.41 ms, found 3 plugins.
Preloading 0 native plugins for Editor in 0.00 ms.
Unloading 2086 Unused Serialized files (Serialized files now loaded: 0)
System memory in use before: 93.4 MB.
System memory in use after: 93.4 MB.

Unloading 21 unused Assets to reduce memory usage. Loaded Objects now: 2533.
Total: 2.214493 ms (FindLiveObjects: 0.178551 ms CreateObjectMapping: 0.064000 ms MarkObjects: 1.878261 ms  DeleteObjects: 0.092290 ms)

AssetImportParameters requested are different than current active one (requested -> active):
  custom:framework-win-MediaFoundation: 216162199b28c13a410421893ffa2e32 -> 
  custom:video-decoder-ogg-theora: a1e56fd34408186e4bbccfd4996cb3dc -> 
  custom:container-muxer-webm: aa71ff27fc2769a1b78a27578f13a17b -> 
  custom:container-demuxer-webm: 4f35f7cbe854078d1ac9338744f61a02 -> 
  custom:container-demuxer-ogg: 62fdf1f143b41e24485cea50d1cbac27 -> 
  custom:video-encoder-webm-vp8: eb34c28f22e8b96e1ab97ce403110664 -> 
  custom:video-codec-MediaFoundation-h265: 746d11721c4dcdbdad8f713fa42b33f4 -> 
  custom:video-decoder-webm-vp8: 9c59270c3fd7afecdb556c50c9e8de78 -> 
  custom:graphics/normal-map-encoding: 01000000000000000000000000000000 -> 02000000000000000000000000000000
  custom:audio-decoder-ogg-vorbis: bf7c407c2cedff20999df2af8eb42d56 -> 
  custom:audio-encoder-webm-vorbis: bf7c407c2cedff20999df2af8eb42d56 -> 
========================================================================
Received Import Request.
  Time since last request: 55.174152 seconds.
  path: Assets/Scenes/SampleScene.unity
  artifactKey: Guid(2cda990e2423bbf4892e6590ba056729) Importer(815301076,1909f56bfc062723c751e8b465ee728b)
Start importing Assets/Scenes/SampleScene.unity using Guid(2cda990e2423bbf4892e6590ba056729) Importer(815301076,1909f56bfc062723c751e8b465ee728b)  -> (artifact id: 'a431a5796d1b5fc7583a76ab8c737cf7') in 0.017920 seconds 
  Import took 0.021190 seconds .

========================================================================
Received Import Request.
  Time since last request: 2.849926 seconds.
  path: Assets/Scenes/MainMenu.unity
  artifactKey: Guid(ac52a34e4e29d4649861b7c4ca0a24d4) Importer(815301076,1909f56bfc062723c751e8b465ee728b)
Start importing Assets/Scenes/MainMenu.unity using Guid(ac52a34e4e29d4649861b7c4ca0a24d4) Importer(815301076,1909f56bfc062723c751e8b465ee728b)  -> (artifact id: '78875bc3dd92b6e7739b82d1e415244f') in 0.007724 seconds 
  Import took 0.010732 seconds .

========================================================================
Received Import Request.
  Time since last request: 5.429435 seconds.
  path: Assets/Scenes/2X2Gamemode.unity
  artifactKey: Guid(4d3fb9b88c259d84ab2a1dbd9f742a94) Importer(815301076,1909f56bfc062723c751e8b465ee728b)
Start importing Assets/Scenes/2X2Gamemode.unity using Guid(4d3fb9b88c259d84ab2a1dbd9f742a94) Importer(815301076,1909f56bfc062723c751e8b465ee728b)  -> (artifact id: 'd02d45f6028ca452ed77c156f81b517b') in 0.003017 seconds 
  Import took 0.006372 seconds .

========================================================================
Received Import Request.
  Time since last request: 0.000581 seconds.
  path: Assets/Scenes/2X2Gamemode.unity
  artifactKey: Guid(4d3fb9b88c259d84ab2a1dbd9f742a94) Importer(815301076,1909f56bfc062723c751e8b465ee728b)
Start importing Assets/Scenes/2X2Gamemode.unity using Guid(4d3fb9b88c259d84ab2a1dbd9f742a94) Importer(815301076,1909f56bfc062723c751e8b465ee728b)  -> (artifact id: 'd02d45f6028ca452ed77c156f81b517b') in 0.002805 seconds 
  Import took 0.007079 seconds .

========================================================================
Received Import Request.
  Time since last request: 18.755985 seconds.
  path: Assets/Scenes/2X2GameScene.unity
  artifactKey: Guid(81e0772ea90993a4e9443fe2408f4812) Importer(815301076,1909f56bfc062723c751e8b465ee728b)
Start importing Assets/Scenes/2X2GameScene.unity using Guid(81e0772ea90993a4e9443fe2408f4812) Importer(815301076,1909f56bfc062723c751e8b465ee728b)  -> (artifact id: '7d40d7532ca379881c81f9bc1c39bb7c') in 0.008482 seconds 
  Import took 0.011745 seconds .

========================================================================
Received Import Request.
  Time since last request: 0.003283 seconds.
  path: Assets/Scenes/2X2GameScene.unity
  artifactKey: Guid(81e0772ea90993a4e9443fe2408f4812) Importer(815301076,1909f56bfc062723c751e8b465ee728b)
Start importing Assets/Scenes/2X2GameScene.unity using Guid(81e0772ea90993a4e9443fe2408f4812) Importer(815301076,1909f56bfc062723c751e8b465ee728b)  -> (artifact id: '7d40d7532ca379881c81f9bc1c39bb7c') in 0.003261 seconds 
  Import took 0.006563 seconds .

========================================================================
Received Import Request.
  Time since last request: 39.397994 seconds.
  path: Assets/Scenes/New SceneTemplate.scenetemplate
  artifactKey: Guid(a83dd2b727658a94abab580e58ba1915) Importer(815301076,1909f56bfc062723c751e8b465ee728b)
Start importing Assets/Scenes/New SceneTemplate.scenetemplate using Guid(a83dd2b727658a94abab580e58ba1915) Importer(815301076,1909f56bfc062723c751e8b465ee728b)  -> (artifact id: 'ebea10908eba4585ef5c3e7dacdd9f37') in 0.048924 seconds 
  Import took 0.052752 seconds .

========================================================================
Received Import Request.
  Time since last request: 12.206585 seconds.
  path: Assets/Scenes/New Scene.unity
  artifactKey: Guid(a8abd3f3ec404ba49bb41eb8ad812128) Importer(815301076,1909f56bfc062723c751e8b465ee728b)
Start importing Assets/Scenes/New Scene.unity using Guid(a8abd3f3ec404ba49bb41eb8ad812128) Importer(815301076,1909f56bfc062723c751e8b465ee728b)  -> (artifact id: 'd0fb35ca0f2784d46d0f763be358f164') in 0.009513 seconds 
  Import took 0.013042 seconds .

========================================================================
Received Import Request.
  Time since last request: 35.022270 seconds.
  path: Assets/Scenes/2x2.unity
  artifactKey: Guid(4078a9019756f7041abf36b4f3caf5a8) Importer(815301076,1909f56bfc062723c751e8b465ee728b)
Start importing Assets/Scenes/2x2.unity using Guid(4078a9019756f7041abf36b4f3caf5a8) Importer(815301076,1909f56bfc062723c751e8b465ee728b)  -> (artifact id: '30bb7cce62a177296250e8a843cac784') in 0.009204 seconds 
  Import took 0.012919 seconds .

========================================================================
Received Import Request.
  Time since last request: 22.925659 seconds.
  path: Assets/Scenes/2x2.unity
  artifactKey: Guid(4078a9019756f7041abf36b4f3caf5a8) Importer(815301076,1909f56bfc062723c751e8b465ee728b)
Start importing Assets/Scenes/2x2.unity using Guid(4078a9019756f7041abf36b4f3caf5a8) Importer(815301076,1909f56bfc062723c751e8b465ee728b)  -> (artifact id: '7e4149ab2d1568ea80c16fd926283353') in 0.003248 seconds 
  Import took 0.006790 seconds .

========================================================================
Received Import Request.
  Time since last request: 0.000965 seconds.
  path: Assets/Scenes/2x2.unity
  artifactKey: Guid(4078a9019756f7041abf36b4f3caf5a8) Importer(815301076,1909f56bfc062723c751e8b465ee728b)
Start importing Assets/Scenes/2x2.unity using Guid(4078a9019756f7041abf36b4f3caf5a8) Importer(815301076,1909f56bfc062723c751e8b465ee728b)  -> (artifact id: '7e4149ab2d1568ea80c16fd926283353') in 0.003697 seconds 
  Import took 0.007404 seconds .

========================================================================
Received Import Request.
  Time since last request: 24.312865 seconds.
  path: Assets/Scenes/2x2.unity
  artifactKey: Guid(4078a9019756f7041abf36b4f3caf5a8) Importer(815301076,1909f56bfc062723c751e8b465ee728b)
Start importing Assets/Scenes/2x2.unity using Guid(4078a9019756f7041abf36b4f3caf5a8) Importer(815301076,1909f56bfc062723c751e8b465ee728b)  -> (artifact id: '66af9f3ebe15da641699bcca5c240fca') in 0.002981 seconds 
  Import took 0.007125 seconds .

========================================================================
Received Import Request.
  Time since last request: 0.000843 seconds.
  path: Assets/Scenes/2x2.unity
  artifactKey: Guid(4078a9019756f7041abf36b4f3caf5a8) Importer(815301076,1909f56bfc062723c751e8b465ee728b)
Start importing Assets/Scenes/2x2.unity using Guid(4078a9019756f7041abf36b4f3caf5a8) Importer(815301076,1909f56bfc062723c751e8b465ee728b)  -> (artifact id: '66af9f3ebe15da641699bcca5c240fca') in 0.003697 seconds 
  Import took 0.007804 seconds .

========================================================================
Received Import Request.
  Time since last request: 38.526008 seconds.
  path: Assets/Scenes/2x2.unity
  artifactKey: Guid(4078a9019756f7041abf36b4f3caf5a8) Importer(815301076,1909f56bfc062723c751e8b465ee728b)
Start importing Assets/Scenes/2x2.unity using Guid(4078a9019756f7041abf36b4f3caf5a8) Importer(815301076,1909f56bfc062723c751e8b465ee728b)  -> (artifact id: '3fb43be84cb7a589819ef81321c10eae') in 0.003117 seconds 
  Import took 0.006326 seconds .

========================================================================
Received Import Request.
  Time since last request: 35.829262 seconds.
  path: Assets/Scenes/2X2.unity
  artifactKey: Guid(4078a9019756f7041abf36b4f3caf5a8) Importer(815301076,1909f56bfc062723c751e8b465ee728b)
Start importing Assets/Scenes/2X2.unity using Guid(4078a9019756f7041abf36b4f3caf5a8) Importer(815301076,1909f56bfc062723c751e8b465ee728b)  -> (artifact id: 'f76b53f5afc3328a1a5d0d3c68fd67a4') in 0.008181 seconds 
  Import took 0.012598 seconds .

========================================================================
Received Import Request.
  Time since last request: 0.000561 seconds.
  path: Assets/Scenes/2X2.unity
  artifactKey: Guid(4078a9019756f7041abf36b4f3caf5a8) Importer(815301076,1909f56bfc062723c751e8b465ee728b)
Start importing Assets/Scenes/2X2.unity using Guid(4078a9019756f7041abf36b4f3caf5a8) Importer(815301076,1909f56bfc062723c751e8b465ee728b)  -> (artifact id: 'f76b53f5afc3328a1a5d0d3c68fd67a4') in 0.003494 seconds 
  Import took 0.006730 seconds .

========================================================================
Received Import Request.
  Time since last request: 84.598702 seconds.
  path: Assets/Scenes/2X2.unity
  artifactKey: Guid(4078a9019756f7041abf36b4f3caf5a8) Importer(815301076,1909f56bfc062723c751e8b465ee728b)
Start importing Assets/Scenes/2X2.unity using Guid(4078a9019756f7041abf36b4f3caf5a8) Importer(815301076,1909f56bfc062723c751e8b465ee728b)  -> (artifact id: '03f9e1266896051b718a0164a905c583') in 0.002943 seconds 
  Import took 0.007333 seconds .

========================================================================
Received Import Request.
  Time since last request: 0.000655 seconds.
  path: Assets/Scenes/2X2.unity
  artifactKey: Guid(4078a9019756f7041abf36b4f3caf5a8) Importer(815301076,1909f56bfc062723c751e8b465ee728b)
Start importing Assets/Scenes/2X2.unity using Guid(4078a9019756f7041abf36b4f3caf5a8) Importer(815301076,1909f56bfc062723c751e8b465ee728b)  -> (artifact id: '03f9e1266896051b718a0164a905c583') in 0.003501 seconds 
  Import took 0.006931 seconds .

========================================================================
Received Import Request.
  Time since last request: 27.189774 seconds.
  path: Assets/Scenes/2X2.unity
  artifactKey: Guid(4078a9019756f7041abf36b4f3caf5a8) Importer(815301076,1909f56bfc062723c751e8b465ee728b)
Start importing Assets/Scenes/2X2.unity using Guid(4078a9019756f7041abf36b4f3caf5a8) Importer(815301076,1909f56bfc062723c751e8b465ee728b)  -> (artifact id: '477903f3d94c88dc21e3d30007d20c19') in 0.003069 seconds 
  Import took 0.006862 seconds .

========================================================================
Received Import Request.
  Time since last request: 0.000688 seconds.
  path: Assets/Scenes/2X2.unity
  artifactKey: Guid(4078a9019756f7041abf36b4f3caf5a8) Importer(815301076,1909f56bfc062723c751e8b465ee728b)
Start importing Assets/Scenes/2X2.unity using Guid(4078a9019756f7041abf36b4f3caf5a8) Importer(815301076,1909f56bfc062723c751e8b465ee728b)  -> (artifact id: '477903f3d94c88dc21e3d30007d20c19') in 0.004320 seconds 
  Import took 0.007764 seconds .

AssetImportWorkerClient::OnTransportError - code=2 error=End of file
